SEVERE	?	main	2016-09-27T11:14:59.650Z	org.javacs.Main$4#onError	java.io.IOException: Cannot run program "mvn" (in directory "/Users/tianlei/Desktop/论坛"): error=2, No such file or directory
java.lang.RuntimeException: java.io.IOException: Cannot run program "mvn" (in directory "/Users/tianlei/Desktop/论坛"): error=2, No such file or directory
	at org.javacs.JavaLanguageServer.buildClassPath(JavaLanguageServer.java:562)
	at org.javacs.JavaLanguageServer.readIfConfig(JavaLanguageServer.java:525)
	at org.javacs.JavaLanguageServer.doFindConfig(JavaLanguageServer.java:494)
	at java.util.HashMap.computeIfAbsent(HashMap.java:1126)
	at org.javacs.JavaLanguageServer.findConfig(JavaLanguageServer.java:489)
	at org.javacs.JavaLanguageServer.findCompiler(JavaLanguageServer.java:454)
	at org.javacs.JavaLanguageServer.doHover(JavaLanguageServer.java:875)
	at org.javacs.JavaLanguageServer$1.hover(JavaLanguageServer.java:125)
	at io.typefox.lsapi.services.transport.server.LanguageServerEndpoint._doAccept(LanguageServerEndpoint.xtend:130)
	at io.typefox.lsapi.services.transport.server.LanguageServerEndpoint.doAccept(LanguageServerEndpoint.xtend:117)
	at io.typefox.lsapi.services.transport.server.LanguageServerEndpoint.accept(LanguageServerEndpoint.xtend:114)
	at io.typefox.lsapi.services.transport.server.LanguageServerEndpoint.accept(LanguageServerEndpoint.xtend)
	at io.typefox.lsapi.services.transport.AbstractLanguageEndpoint.handleMessage(LanguageEndpoint.xtend:67)
	at io.typefox.lsapi.services.transport.AbstractLanguageEndpoint.lambda$connect$4(LanguageEndpoint.xtend:61)
	at io.typefox.lsapi.services.json.StreamMessageReader$1.apply(StreamMessageReader.java:45)
	at io.typefox.lsapi.services.json.StreamMessageReader$1.apply(StreamMessageReader.java:43)
	at io.typefox.lsapi.services.json.StreamMessageReader.handleMessage(StreamMessageReader.xtend:128)
	at io.typefox.lsapi.services.json.StreamMessageReader.listen(StreamMessageReader.xtend:61)
	at io.typefox.lsapi.services.transport.AbstractLanguageEndpoint.connect(LanguageEndpoint.xtend:60)
	at org.javacs.Main.run(Main.java:150)
	at org.javacs.Main.main(Main.java:69)
Caused by: java.io.IOException: Cannot run program "mvn" (in directory "/Users/tianlei/Desktop/论坛"): error=2, No such file or directory
	at java.lang.ProcessBuilder.start(ProcessBuilder.java:1048)
	at java.lang.Runtime.exec(Runtime.java:620)
	at java.lang.Runtime.exec(Runtime.java:450)
	at org.javacs.JavaLanguageServer.buildClassPath(JavaLanguageServer.java:555)
	... 20 more
Caused by: java.io.IOException: error=2, No such file or directory
	at java.lang.UNIXProcess.forkAndExec(Native Method)
	at java.lang.UNIXProcess.<init>(UNIXProcess.java:248)
	at java.lang.ProcessImpl.start(ProcessImpl.java:134)
	at java.lang.ProcessBuilder.start(ProcessBuilder.java:1029)
	... 23 more

INFO	?	main	2016-09-27T11:15:02.715Z	org.javacs.JavaLanguageServer#buildClassPath	Emit classpath to /var/folders/sr/nnqsybr10v7d5545x0f99ryw0000gp/T/classpath4441627205607109465.txt
SEVERE	?	main	2016-09-27T11:15:02.718Z	org.javacs.Main$4#onError	java.io.IOException: Cannot run program "mvn" (in directory "/Users/tianlei/Desktop/论坛"): error=2, No such file or directory
java.lang.RuntimeException: java.io.IOException: Cannot run program "mvn" (in directory "/Users/tianlei/Desktop/论坛"): error=2, No such file or directory
	at org.javacs.JavaLanguageServer.buildClassPath(JavaLanguageServer.java:562)
	at org.javacs.JavaLanguageServer.readIfConfig(JavaLanguageServer.java:525)
	at org.javacs.JavaLanguageServer.doFindConfig(JavaLanguageServer.java:494)
	at java.util.HashMap.computeIfAbsent(HashMap.java:1126)
	at org.javacs.JavaLanguageServer.findConfig(JavaLanguageServer.java:489)
	at org.javacs.JavaLanguageServer.findCompiler(JavaLanguageServer.java:454)
	at org.javacs.JavaLanguageServer.doHover(JavaLanguageServer.java:875)
	at org.javacs.JavaLanguageServer$1.hover(JavaLanguageServer.java:125)
	at io.typefox.lsapi.services.transport.server.LanguageServerEndpoint._doAccept(LanguageServerEndpoint.xtend:130)
	at io.typefox.lsapi.services.transport.server.LanguageServerEndpoint.doAccept(LanguageServerEndpoint.xtend:117)
	at io.typefox.lsapi.services.transport.server.LanguageServerEndpoint.accept(LanguageServerEndpoint.xtend:114)
	at io.typefox.lsapi.services.transport.server.LanguageServerEndpoint.accept(LanguageServerEndpoint.xtend)
	at io.typefox.lsapi.services.transport.AbstractLanguageEndpoint.handleMessage(LanguageEndpoint.xtend:67)
	at io.typefox.lsapi.services.transport.AbstractLanguageEndpoint.lambda$connect$4(LanguageEndpoint.xtend:61)
	at io.typefox.lsapi.services.json.StreamMessageReader$1.apply(StreamMessageReader.java:45)
	at io.typefox.lsapi.services.json.StreamMessageReader$1.apply(StreamMessageReader.java:43)
	at io.typefox.lsapi.services.json.StreamMessageReader.handleMessage(StreamMessageReader.xtend:128)
	at io.typefox.lsapi.services.json.StreamMessageReader.listen(StreamMessageReader.xtend:61)
	at io.typefox.lsapi.services.transport.AbstractLanguageEndpoint.connect(LanguageEndpoint.xtend:60)
	at org.javacs.Main.run(Main.java:150)
	at org.javacs.Main.main(Main.java:69)
Caused by: java.io.IOException: Cannot run program "mvn" (in directory "/Users/tianlei/Desktop/论坛"): error=2, No such file or directory
	at java.lang.ProcessBuilder.start(ProcessBuilder.java:1048)
	at java.lang.Runtime.exec(Runtime.java:620)
	at java.lang.Runtime.exec(Runtime.java:450)
	at org.javacs.JavaLanguageServer.buildClassPath(JavaLanguageServer.java:555)
	... 20 more
Caused by: java.io.IOException: error=2, No such file or directory
	at java.lang.UNIXProcess.forkAndExec(Native Method)
	at java.lang.UNIXProcess.<init>(UNIXProcess.java:248)
	at java.lang.ProcessImpl.start(ProcessImpl.java:134)
	at java.lang.ProcessBuilder.start(ProcessBuilder.java:1029)
	... 23 more

