0 info it worked if it ends with ok
1 verbose cli [ '/usr/local/Cellar/node/6.3.1/bin/node',
1 verbose cli   '/usr/local/bin/npm',
1 verbose cli   'install',
1 verbose cli   'ionic@beat' ]
2 info using npm@3.10.7
3 info using node@v6.3.1
4 silly loadCurrentTree Starting
5 silly install loadCurrentTree
6 silly install readLocalPackageData
7 silly fetchPackageMetaData ionic@beat
8 silly fetchNamedPackageData ionic
9 silly mapToRegistry name ionic
10 silly mapToRegistry using default registry
11 silly mapToRegistry registry https://registry.npm.taobao.org/
12 silly mapToRegistry data Result {
12 silly mapToRegistry   raw: 'ionic',
12 silly mapToRegistry   scope: null,
12 silly mapToRegistry   escapedName: 'ionic',
12 silly mapToRegistry   name: 'ionic',
12 silly mapToRegistry   rawSpec: '',
12 silly mapToRegistry   spec: 'latest',
12 silly mapToRegistry   type: 'tag' }
13 silly mapToRegistry uri https://registry.npm.taobao.org/ionic
14 verbose request uri https://registry.npm.taobao.org/ionic
15 verbose request no auth needed
16 info attempt registry request try #1 at 02:59:11
17 verbose request id 573b86c66bac37ad
18 verbose etag "cc1d3-PAIToxVZeA8OxbBBvfj85Q"
19 http request GET https://registry.npm.taobao.org/ionic
20 http 304 https://registry.npm.taobao.org/ionic
21 verbose headers { date: 'Wed, 07 Sep 2016 18:59:11 GMT',
21 verbose headers   connection: 'keep-alive',
21 verbose headers   'x-current-requests': '1',
21 verbose headers   etag: '"cc1d3-PAIToxVZeA8OxbBBvfj85Q"',
21 verbose headers   'x-readtime': '749' }
22 silly get cb [ 304,
22 silly get   { date: 'Wed, 07 Sep 2016 18:59:11 GMT',
22 silly get     connection: 'keep-alive',
22 silly get     'x-current-requests': '1',
22 silly get     etag: '"cc1d3-PAIToxVZeA8OxbBBvfj85Q"',
22 silly get     'x-readtime': '749' } ]
23 verbose etag https://registry.npm.taobao.org/ionic from cache
24 verbose get saving ionic to /Users/tianlei/.npm/registry.npm.taobao.org/ionic/.cache.json
25 verbose correctMkdir /Users/tianlei/.npm correctMkdir not in flight; initializing
26 silly fetchNamedPackageData No valid target from cache, forcing network
27 verbose request uri https://registry.npm.taobao.org/ionic
28 verbose request no auth needed
29 info attempt registry request try #1 at 02:59:12
30 http request GET https://registry.npm.taobao.org/ionic
31 http 200 https://registry.npm.taobao.org/ionic
32 verbose headers { date: 'Wed, 07 Sep 2016 18:59:12 GMT',
32 verbose headers   'content-type': 'application/json; charset=utf-8',
32 verbose headers   'content-length': '836051',
32 verbose headers   connection: 'keep-alive',
32 verbose headers   'x-current-requests': '1',
32 verbose headers   etag: '"cc1d3-PAIToxVZeA8OxbBBvfj85Q"',
32 verbose headers   'x-readtime': '436' }
33 silly get cb [ 200,
33 silly get   { date: 'Wed, 07 Sep 2016 18:59:12 GMT',
33 silly get     'content-type': 'application/json; charset=utf-8',
33 silly get     'content-length': '836051',
33 silly get     connection: 'keep-alive',
33 silly get     'x-current-requests': '1',
33 silly get     etag: '"cc1d3-PAIToxVZeA8OxbBBvfj85Q"',
33 silly get     'x-readtime': '436' } ]
34 verbose get saving ionic to /Users/tianlei/.npm/registry.npm.taobao.org/ionic/.cache.json
35 verbose correctMkdir /Users/tianlei/.npm correctMkdir not in flight; initializing
36 silly fetchPackageMetaData Error: No compatible version found: ionic@beat
36 silly fetchPackageMetaData Valid install targets:
36 silly fetchPackageMetaData 2.0.0, 2.0.0-beta.37, 2.0.0-beta.36, 2.0.0-beta.35, 2.0.0-beta.34, 2.0.0-beta.33, 2.0.0-beta.32, 2.0.0-beta.31, 2.0.0-beta.30, 2.0.0-beta.29, 2.0.0-beta.28, 2.0.0-beta.27, 2.0.0-beta.26, 2.0.0-beta.25, 2.0.0-beta.24, 2.0.0-beta.23, 2.0.0-beta.22, 2.0.0-beta.21, 2.0.0-beta.20, 2.0.0-beta.19, 2.0.0-beta.18, 2.0.0-beta.17, 2.0.0-beta.16, 2.0.0-beta.15, 2.0.0-beta.14, 2.0.0-beta.13, 2.0.0-beta.12, 2.0.0-beta.11, 2.0.0-beta.10, 2.0.0-beta.9, 2.0.0-beta.8, 2.0.0-beta.7, 2.0.0-beta.6, 2.0.0-beta.5, 2.0.0-beta.4, 2.0.0-beta.3, 2.0.0-beta.2, 2.0.0-beta.1, 2.0.0-alpha.25, 2.0.0-alpha.24, 2.0.0-alpha.23, 2.0.0-alpha.22, 2.0.0-alpha.21, 2.0.0-alpha.20, 2.0.0-alpha.19, 2.0.0-alpha.18, 2.0.0-alpha.17, 2.0.0-alpha.16, 2.0.0-alpha.15, 2.0.0-alpha.14, 2.0.0-alpha.13, 2.0.0-alpha.12, 2.0.0-alpha.11, 2.0.0-alpha.10, 2.0.0-alpha.9, 2.0.0-alpha.8, 2.0.0-alpha.7, 2.0.0-alpha.6, 2.0.0-alpha.5, 2.0.0-alpha.4, 2.0.0-alpha.3, 2.0.0-alpha.1, 1.7.16, 1.7.15, 1.7.15-beta.3, 1.7.15-beta.2, 1.7.15-beta.1, 1.7.15-beta.0, 1.7.14, 1.7.13, 1.7.12, 1.7.11, 1.7.10, 1.7.9, 1.7.8, 1.7.8-beta.3, 1.7.8-beta.2, 1.7.8-beta.1, 1.7.8-beta.0, 1.7.7, 1.7.7-beta.0, 1.7.6, 1.7.5, 1.7.4, 1.7.3, 1.7.2, 1.7.1, 1.7.0, 1.7.0-beta.6, 1.7.0-beta.5, 1.7.0-beta.4, 1.7.0-beta.3, 1.7.0-beta.2, 1.7.0-beta.1, 1.7.0-beta.0, 1.6.5, 1.6.5-testing.3, 1.6.5-testing.2, 1.6.5-testing.1, 1.6.5-testing.0, 1.6.4, 1.6.4-beta.1, 1.6.4-beta.0, 1.6.3, 1.6.3-beta.1, 1.6.3-beta.0, 1.6.2, 1.6.2-beta.2, 1.6.2-beta.1, 1.6.2-beta.0, 1.6.1, 1.6.0, 1.6.0-beta.1, 1.5.5, 1.5.4, 1.5.3, 1.5.2, 1.5.1, 1.5.1-beta.4, 1.5.1-beta.3, 1.5.1-beta.2, 1.5.1-beta.1, 1.5.1-beta.0, 1.5.0, 1.5.0-beta.1, 1.5.0-beta.0, 1.4.8, 1.4.7, 1.4.6, 1.4.6-beta.0, 1.4.5, 1.4.5-beta.3, 1.4.5-beta.2, 1.4.5-beta.1, 1.4.5-beta.0, 1.4.4, 1.4.4-beta.2, 1.4.4-beta.0, 1.4.3, 1.4.2, 1.4.1, 1.4.1-beta.0, 1.4.0, 1.4.0-beta.18, 1.4.0-beta.17, 1.4.0-beta.16, 1.4.0-beta.15, 1.4.0-beta.14, 1.4.0-beta.13, 1.4.0-beta.12, 1.4.0-beta.11, 1.4.0-beta.10, 1.4.0-beta.9, 1.4.0-beta.8, 1.4.0-beta.7, 1.4.0-beta.6, 1.4.0-beta.5, 1.4.0-beta.3, 1.4.0-beta.2, 1.4.0-beta.1, 1.4.0-alpha.6, 1.4.0-alpha.5, 1.4.0-alpha.4, 1.4.0-alpha.3, 1.4.0-alpha.2, 1.4.0-alpha.1, 1.3.22, 1.3.21, 1.3.21-beta.1, 1.3.21-beta.0, 1.3.20, 1.3.19, 1.3.19-beta.4, 1.3.19-beta.3, 1.3.19-beta.2, 1.3.19-beta.1, 1.3.19-beta.0, 1.3.18, 1.3.18-beta.3, 1.3.18-beta.2, 1.3.18-beta.1, 1.3.18-beta.0, 1.3.17, 1.3.17-beta.3, 1.3.17-beta.2, 1.3.17-beta.1, 1.3.17-beta.0, 1.3.16, 1.3.15, 1.3.15-beta.4, 1.3.15-beta.3, 1.3.15-beta.2, 1.3.15-beta.1, 1.3.15-beta.0, 1.3.14, 1.3.14-beta.1, 1.3.14-beta, 1.3.13, 1.3.13-beta.0, 1.3.12, 1.3.12-beta.2, 1.3.12-beta.1, 1.3.11, 1.3.10, 1.3.9, 1.3.8, 1.3.7, 1.3.6, 1.3.5, 1.3.4, 1.3.3, 1.3.2, 1.3.1, 1.3.1-7.beta.4, 1.3.1-3.beta.4, 1.3.1-3.beta.2, 1.3.1-3.beta.1, 1.3.1-1.alpha.0, 1.3.0, 1.3.0-beta1, 1.2.14, 1.2.14-beta6, 1.2.14-beta5, 1.2.14-beta4, 1.2.14-beta3, 1.2.14-beta2, 1.2.14-beta1, 1.2.13, 1.2.12, 1.2.11, 1.2.10, 1.2.9, 1.2.8, 1.2.8-beta2, 1.2.8-beta1, 1.2.7, 1.2.6, 1.2.6-beta3, 1.2.6-beta2, 1.2.6-beta1, 1.2.5, 1.2.5-beta3, 1.2.5-beta2, 1.2.5-beta1, 1.2.4, 1.2.4-beta3, 1.2.4-beta2, 1.2.4-beta1, 1.2.3, 1.2.3-beta3, 1.2.3-beta2, 1.2.3-beta1, 1.2.2, 1.2.1, 1.2.1-beta4, 1.2.1-beta3, 1.2.1-beta2, 1.2.1-beta1, 1.2.0, 1.2.0-beta1, 1.1.14-beta3, 1.1.14-beta2, 1.1.14-beta1, 1.1.13, 1.1.12, 1.1.12-beta3, 1.1.12-beta2, 1.1.12-beta1, 1.1.11, 1.1.11-beta2, 1.1.11-beta1, 1.1.10, 1.1.9, 1.1.9-beta1, 1.1.8, 1.1.8-beta5, 1.1.8-beta4, 1.1.8-beta3, 1.1.8-beta2, 1.1.8-beta1, 1.1.7, 1.1.7-beta1, 1.1.6, 1.1.5, 1.1.5-beta5, 1.1.5-beta4, 1.1.5-beta3, 1.1.5-beta2, 1.1.5-beta1, 1.1.4, 1.1.3, 1.1.1, 1.1.1-beta3, 1.1.1-beta2, 1.1.1-beta1, 1.1.0, 1.1.0-beta6, 1.1.0-beta5, 1.1.0-beta4, 1.1.0-beta3, 1.1.0-beta2, 1.1.0-beta1, 1.0.17, 1.0.16, 1.0.15, 1.0.14, 1.0.13, 1.0.12, 1.0.11, 1.0.10, 1.0.9, 1.0.8, 1.0.7, 1.0.6, 1.0.5, 1.0.4, 1.0.3-beta, 1.0.1-beta, 1.0.0-beta.1, 1.0.0-beta, 0.9.16, 0.9.15, 0.9.14, 0.9.13, 0.9.12, 0.9.11, 0.9.10, 0.9.9, 0.9.8, 0.9.6
36 silly fetchPackageMetaData
36 silly fetchPackageMetaData     at pickVersionFromRegistryDocument (/usr/local/lib/node_modules/npm/lib/fetch-package-metadata.js:178:16)
36 silly fetchPackageMetaData     at /usr/local/lib/node_modules/npm/node_modules/iferr/index.js:13:50
36 silly fetchPackageMetaData     at /usr/local/lib/node_modules/npm/lib/utils/pulse-till-done.js:20:8
36 silly fetchPackageMetaData     at saved (/usr/local/lib/node_modules/npm/lib/cache/caching-client.js:174:7)
36 silly fetchPackageMetaData     at /usr/local/lib/node_modules/npm/node_modules/graceful-fs/polyfills.js:233:15
36 silly fetchPackageMetaData     at FSReqWrap.oncomplete (fs.js:123:15)
36 silly fetchPackageMetaData  error for ionic@beat Error: No compatible version found: ionic@beat
36 silly fetchPackageMetaData Valid install targets:
36 silly fetchPackageMetaData 2.0.0, 2.0.0-beta.37, 2.0.0-beta.36, 2.0.0-beta.35, 2.0.0-beta.34, 2.0.0-beta.33, 2.0.0-beta.32, 2.0.0-beta.31, 2.0.0-beta.30, 2.0.0-beta.29, 2.0.0-beta.28, 2.0.0-beta.27, 2.0.0-beta.26, 2.0.0-beta.25, 2.0.0-beta.24, 2.0.0-beta.23, 2.0.0-beta.22, 2.0.0-beta.21, 2.0.0-beta.20, 2.0.0-beta.19, 2.0.0-beta.18, 2.0.0-beta.17, 2.0.0-beta.16, 2.0.0-beta.15, 2.0.0-beta.14, 2.0.0-beta.13, 2.0.0-beta.12, 2.0.0-beta.11, 2.0.0-beta.10, 2.0.0-beta.9, 2.0.0-beta.8, 2.0.0-beta.7, 2.0.0-beta.6, 2.0.0-beta.5, 2.0.0-beta.4, 2.0.0-beta.3, 2.0.0-beta.2, 2.0.0-beta.1, 2.0.0-alpha.25, 2.0.0-alpha.24, 2.0.0-alpha.23, 2.0.0-alpha.22, 2.0.0-alpha.21, 2.0.0-alpha.20, 2.0.0-alpha.19, 2.0.0-alpha.18, 2.0.0-alpha.17, 2.0.0-alpha.16, 2.0.0-alpha.15, 2.0.0-alpha.14, 2.0.0-alpha.13, 2.0.0-alpha.12, 2.0.0-alpha.11, 2.0.0-alpha.10, 2.0.0-alpha.9, 2.0.0-alpha.8, 2.0.0-alpha.7, 2.0.0-alpha.6, 2.0.0-alpha.5, 2.0.0-alpha.4, 2.0.0-alpha.3, 2.0.0-alpha.1, 1.7.16, 1.7.15, 1.7.15-beta.3, 1.7.15-beta.2, 1.7.15-beta.1, 1.7.15-beta.0, 1.7.14, 1.7.13, 1.7.12, 1.7.11, 1.7.10, 1.7.9, 1.7.8, 1.7.8-beta.3, 1.7.8-beta.2, 1.7.8-beta.1, 1.7.8-beta.0, 1.7.7, 1.7.7-beta.0, 1.7.6, 1.7.5, 1.7.4, 1.7.3, 1.7.2, 1.7.1, 1.7.0, 1.7.0-beta.6, 1.7.0-beta.5, 1.7.0-beta.4, 1.7.0-beta.3, 1.7.0-beta.2, 1.7.0-beta.1, 1.7.0-beta.0, 1.6.5, 1.6.5-testing.3, 1.6.5-testing.2, 1.6.5-testing.1, 1.6.5-testing.0, 1.6.4, 1.6.4-beta.1, 1.6.4-beta.0, 1.6.3, 1.6.3-beta.1, 1.6.3-beta.0, 1.6.2, 1.6.2-beta.2, 1.6.2-beta.1, 1.6.2-beta.0, 1.6.1, 1.6.0, 1.6.0-beta.1, 1.5.5, 1.5.4, 1.5.3, 1.5.2, 1.5.1, 1.5.1-beta.4, 1.5.1-beta.3, 1.5.1-beta.2, 1.5.1-beta.1, 1.5.1-beta.0, 1.5.0, 1.5.0-beta.1, 1.5.0-beta.0, 1.4.8, 1.4.7, 1.4.6, 1.4.6-beta.0, 1.4.5, 1.4.5-beta.3, 1.4.5-beta.2, 1.4.5-beta.1, 1.4.5-beta.0, 1.4.4, 1.4.4-beta.2, 1.4.4-beta.0, 1.4.3, 1.4.2, 1.4.1, 1.4.1-beta.0, 1.4.0, 1.4.0-beta.18, 1.4.0-beta.17, 1.4.0-beta.16, 1.4.0-beta.15, 1.4.0-beta.14, 1.4.0-beta.13, 1.4.0-beta.12, 1.4.0-beta.11, 1.4.0-beta.10, 1.4.0-beta.9, 1.4.0-beta.8, 1.4.0-beta.7, 1.4.0-beta.6, 1.4.0-beta.5, 1.4.0-beta.3, 1.4.0-beta.2, 1.4.0-beta.1, 1.4.0-alpha.6, 1.4.0-alpha.5, 1.4.0-alpha.4, 1.4.0-alpha.3, 1.4.0-alpha.2, 1.4.0-alpha.1, 1.3.22, 1.3.21, 1.3.21-beta.1, 1.3.21-beta.0, 1.3.20, 1.3.19, 1.3.19-beta.4, 1.3.19-beta.3, 1.3.19-beta.2, 1.3.19-beta.1, 1.3.19-beta.0, 1.3.18, 1.3.18-beta.3, 1.3.18-beta.2, 1.3.18-beta.1, 1.3.18-beta.0, 1.3.17, 1.3.17-beta.3, 1.3.17-beta.2, 1.3.17-beta.1, 1.3.17-beta.0, 1.3.16, 1.3.15, 1.3.15-beta.4, 1.3.15-beta.3, 1.3.15-beta.2, 1.3.15-beta.1, 1.3.15-beta.0, 1.3.14, 1.3.14-beta.1, 1.3.14-beta, 1.3.13, 1.3.13-beta.0, 1.3.12, 1.3.12-beta.2, 1.3.12-beta.1, 1.3.11, 1.3.10, 1.3.9, 1.3.8, 1.3.7, 1.3.6, 1.3.5, 1.3.4, 1.3.3, 1.3.2, 1.3.1, 1.3.1-7.beta.4, 1.3.1-3.beta.4, 1.3.1-3.beta.2, 1.3.1-3.beta.1, 1.3.1-1.alpha.0, 1.3.0, 1.3.0-beta1, 1.2.14, 1.2.14-beta6, 1.2.14-beta5, 1.2.14-beta4, 1.2.14-beta3, 1.2.14-beta2, 1.2.14-beta1, 1.2.13, 1.2.12, 1.2.11, 1.2.10, 1.2.9, 1.2.8, 1.2.8-beta2, 1.2.8-beta1, 1.2.7, 1.2.6, 1.2.6-beta3, 1.2.6-beta2, 1.2.6-beta1, 1.2.5, 1.2.5-beta3, 1.2.5-beta2, 1.2.5-beta1, 1.2.4, 1.2.4-beta3, 1.2.4-beta2, 1.2.4-beta1, 1.2.3, 1.2.3-beta3, 1.2.3-beta2, 1.2.3-beta1, 1.2.2, 1.2.1, 1.2.1-beta4, 1.2.1-beta3, 1.2.1-beta2, 1.2.1-beta1, 1.2.0, 1.2.0-beta1, 1.1.14-beta3, 1.1.14-beta2, 1.1.14-beta1, 1.1.13, 1.1.12, 1.1.12-beta3, 1.1.12-beta2, 1.1.12-beta1, 1.1.11, 1.1.11-beta2, 1.1.11-beta1, 1.1.10, 1.1.9, 1.1.9-beta1, 1.1.8, 1.1.8-beta5, 1.1.8-beta4, 1.1.8-beta3, 1.1.8-beta2, 1.1.8-beta1, 1.1.7, 1.1.7-beta1, 1.1.6, 1.1.5, 1.1.5-beta5, 1.1.5-beta4, 1.1.5-beta3, 1.1.5-beta2, 1.1.5-beta1, 1.1.4, 1.1.3, 1.1.1, 1.1.1-beta3, 1.1.1-beta2, 1.1.1-beta1, 1.1.0, 1.1.0-beta6, 1.1.0-beta5, 1.1.0-beta4, 1.1.0-beta3, 1.1.0-beta2, 1.1.0-beta1, 1.0.17, 1.0.16, 1.0.15, 1.0.14, 1.0.13, 1.0.12, 1.0.11, 1.0.10, 1.0.9, 1.0.8, 1.0.7, 1.0.6, 1.0.5, 1.0.4, 1.0.3-beta, 1.0.1-beta, 1.0.0-beta.1, 1.0.0-beta, 0.9.16, 0.9.15, 0.9.14, 0.9.13, 0.9.12, 0.9.11, 0.9.10, 0.9.9, 0.9.8, 0.9.6
36 silly fetchPackageMetaData
36 silly fetchPackageMetaData     at pickVersionFromRegistryDocument (/usr/local/lib/node_modules/npm/lib/fetch-package-metadata.js:178:16)
36 silly fetchPackageMetaData     at /usr/local/lib/node_modules/npm/node_modules/iferr/index.js:13:50
36 silly fetchPackageMetaData     at /usr/local/lib/node_modules/npm/lib/utils/pulse-till-done.js:20:8
36 silly fetchPackageMetaData     at saved (/usr/local/lib/node_modules/npm/lib/cache/caching-client.js:174:7)
36 silly fetchPackageMetaData     at /usr/local/lib/node_modules/npm/node_modules/graceful-fs/polyfills.js:233:15
36 silly fetchPackageMetaData     at FSReqWrap.oncomplete (fs.js:123:15)
37 silly rollbackFailedOptional Starting
38 silly rollbackFailedOptional Finishing
39 silly runTopLevelLifecycles Finishing
40 silly install printInstalled
41 verbose stack Error: No compatible version found: ionic@beat
41 verbose stack Valid install targets:
41 verbose stack 2.0.0, 2.0.0-beta.37, 2.0.0-beta.36, 2.0.0-beta.35, 2.0.0-beta.34, 2.0.0-beta.33, 2.0.0-beta.32, 2.0.0-beta.31, 2.0.0-beta.30, 2.0.0-beta.29, 2.0.0-beta.28, 2.0.0-beta.27, 2.0.0-beta.26, 2.0.0-beta.25, 2.0.0-beta.24, 2.0.0-beta.23, 2.0.0-beta.22, 2.0.0-beta.21, 2.0.0-beta.20, 2.0.0-beta.19, 2.0.0-beta.18, 2.0.0-beta.17, 2.0.0-beta.16, 2.0.0-beta.15, 2.0.0-beta.14, 2.0.0-beta.13, 2.0.0-beta.12, 2.0.0-beta.11, 2.0.0-beta.10, 2.0.0-beta.9, 2.0.0-beta.8, 2.0.0-beta.7, 2.0.0-beta.6, 2.0.0-beta.5, 2.0.0-beta.4, 2.0.0-beta.3, 2.0.0-beta.2, 2.0.0-beta.1, 2.0.0-alpha.25, 2.0.0-alpha.24, 2.0.0-alpha.23, 2.0.0-alpha.22, 2.0.0-alpha.21, 2.0.0-alpha.20, 2.0.0-alpha.19, 2.0.0-alpha.18, 2.0.0-alpha.17, 2.0.0-alpha.16, 2.0.0-alpha.15, 2.0.0-alpha.14, 2.0.0-alpha.13, 2.0.0-alpha.12, 2.0.0-alpha.11, 2.0.0-alpha.10, 2.0.0-alpha.9, 2.0.0-alpha.8, 2.0.0-alpha.7, 2.0.0-alpha.6, 2.0.0-alpha.5, 2.0.0-alpha.4, 2.0.0-alpha.3, 2.0.0-alpha.1, 1.7.16, 1.7.15, 1.7.15-beta.3, 1.7.15-beta.2, 1.7.15-beta.1, 1.7.15-beta.0, 1.7.14, 1.7.13, 1.7.12, 1.7.11, 1.7.10, 1.7.9, 1.7.8, 1.7.8-beta.3, 1.7.8-beta.2, 1.7.8-beta.1, 1.7.8-beta.0, 1.7.7, 1.7.7-beta.0, 1.7.6, 1.7.5, 1.7.4, 1.7.3, 1.7.2, 1.7.1, 1.7.0, 1.7.0-beta.6, 1.7.0-beta.5, 1.7.0-beta.4, 1.7.0-beta.3, 1.7.0-beta.2, 1.7.0-beta.1, 1.7.0-beta.0, 1.6.5, 1.6.5-testing.3, 1.6.5-testing.2, 1.6.5-testing.1, 1.6.5-testing.0, 1.6.4, 1.6.4-beta.1, 1.6.4-beta.0, 1.6.3, 1.6.3-beta.1, 1.6.3-beta.0, 1.6.2, 1.6.2-beta.2, 1.6.2-beta.1, 1.6.2-beta.0, 1.6.1, 1.6.0, 1.6.0-beta.1, 1.5.5, 1.5.4, 1.5.3, 1.5.2, 1.5.1, 1.5.1-beta.4, 1.5.1-beta.3, 1.5.1-beta.2, 1.5.1-beta.1, 1.5.1-beta.0, 1.5.0, 1.5.0-beta.1, 1.5.0-beta.0, 1.4.8, 1.4.7, 1.4.6, 1.4.6-beta.0, 1.4.5, 1.4.5-beta.3, 1.4.5-beta.2, 1.4.5-beta.1, 1.4.5-beta.0, 1.4.4, 1.4.4-beta.2, 1.4.4-beta.0, 1.4.3, 1.4.2, 1.4.1, 1.4.1-beta.0, 1.4.0, 1.4.0-beta.18, 1.4.0-beta.17, 1.4.0-beta.16, 1.4.0-beta.15, 1.4.0-beta.14, 1.4.0-beta.13, 1.4.0-beta.12, 1.4.0-beta.11, 1.4.0-beta.10, 1.4.0-beta.9, 1.4.0-beta.8, 1.4.0-beta.7, 1.4.0-beta.6, 1.4.0-beta.5, 1.4.0-beta.3, 1.4.0-beta.2, 1.4.0-beta.1, 1.4.0-alpha.6, 1.4.0-alpha.5, 1.4.0-alpha.4, 1.4.0-alpha.3, 1.4.0-alpha.2, 1.4.0-alpha.1, 1.3.22, 1.3.21, 1.3.21-beta.1, 1.3.21-beta.0, 1.3.20, 1.3.19, 1.3.19-beta.4, 1.3.19-beta.3, 1.3.19-beta.2, 1.3.19-beta.1, 1.3.19-beta.0, 1.3.18, 1.3.18-beta.3, 1.3.18-beta.2, 1.3.18-beta.1, 1.3.18-beta.0, 1.3.17, 1.3.17-beta.3, 1.3.17-beta.2, 1.3.17-beta.1, 1.3.17-beta.0, 1.3.16, 1.3.15, 1.3.15-beta.4, 1.3.15-beta.3, 1.3.15-beta.2, 1.3.15-beta.1, 1.3.15-beta.0, 1.3.14, 1.3.14-beta.1, 1.3.14-beta, 1.3.13, 1.3.13-beta.0, 1.3.12, 1.3.12-beta.2, 1.3.12-beta.1, 1.3.11, 1.3.10, 1.3.9, 1.3.8, 1.3.7, 1.3.6, 1.3.5, 1.3.4, 1.3.3, 1.3.2, 1.3.1, 1.3.1-7.beta.4, 1.3.1-3.beta.4, 1.3.1-3.beta.2, 1.3.1-3.beta.1, 1.3.1-1.alpha.0, 1.3.0, 1.3.0-beta1, 1.2.14, 1.2.14-beta6, 1.2.14-beta5, 1.2.14-beta4, 1.2.14-beta3, 1.2.14-beta2, 1.2.14-beta1, 1.2.13, 1.2.12, 1.2.11, 1.2.10, 1.2.9, 1.2.8, 1.2.8-beta2, 1.2.8-beta1, 1.2.7, 1.2.6, 1.2.6-beta3, 1.2.6-beta2, 1.2.6-beta1, 1.2.5, 1.2.5-beta3, 1.2.5-beta2, 1.2.5-beta1, 1.2.4, 1.2.4-beta3, 1.2.4-beta2, 1.2.4-beta1, 1.2.3, 1.2.3-beta3, 1.2.3-beta2, 1.2.3-beta1, 1.2.2, 1.2.1, 1.2.1-beta4, 1.2.1-beta3, 1.2.1-beta2, 1.2.1-beta1, 1.2.0, 1.2.0-beta1, 1.1.14-beta3, 1.1.14-beta2, 1.1.14-beta1, 1.1.13, 1.1.12, 1.1.12-beta3, 1.1.12-beta2, 1.1.12-beta1, 1.1.11, 1.1.11-beta2, 1.1.11-beta1, 1.1.10, 1.1.9, 1.1.9-beta1, 1.1.8, 1.1.8-beta5, 1.1.8-beta4, 1.1.8-beta3, 1.1.8-beta2, 1.1.8-beta1, 1.1.7, 1.1.7-beta1, 1.1.6, 1.1.5, 1.1.5-beta5, 1.1.5-beta4, 1.1.5-beta3, 1.1.5-beta2, 1.1.5-beta1, 1.1.4, 1.1.3, 1.1.1, 1.1.1-beta3, 1.1.1-beta2, 1.1.1-beta1, 1.1.0, 1.1.0-beta6, 1.1.0-beta5, 1.1.0-beta4, 1.1.0-beta3, 1.1.0-beta2, 1.1.0-beta1, 1.0.17, 1.0.16, 1.0.15, 1.0.14, 1.0.13, 1.0.12, 1.0.11, 1.0.10, 1.0.9, 1.0.8, 1.0.7, 1.0.6, 1.0.5, 1.0.4, 1.0.3-beta, 1.0.1-beta, 1.0.0-beta.1, 1.0.0-beta, 0.9.16, 0.9.15, 0.9.14, 0.9.13, 0.9.12, 0.9.11, 0.9.10, 0.9.9, 0.9.8, 0.9.6
41 verbose stack
41 verbose stack     at pickVersionFromRegistryDocument (/usr/local/lib/node_modules/npm/lib/fetch-package-metadata.js:178:16)
41 verbose stack     at /usr/local/lib/node_modules/npm/node_modules/iferr/index.js:13:50
41 verbose stack     at /usr/local/lib/node_modules/npm/lib/utils/pulse-till-done.js:20:8
41 verbose stack     at saved (/usr/local/lib/node_modules/npm/lib/cache/caching-client.js:174:7)
41 verbose stack     at /usr/local/lib/node_modules/npm/node_modules/graceful-fs/polyfills.js:233:15
41 verbose stack     at FSReqWrap.oncomplete (fs.js:123:15)
42 verbose cwd /Users/tianlei/Desktop/论坛/src/main/webapp/forum
43 error Darwin 15.6.0
44 error argv "/usr/local/Cellar/node/6.3.1/bin/node" "/usr/local/bin/npm" "install" "ionic@beat"
45 error node v6.3.1
46 error npm  v3.10.7
47 error No compatible version found: ionic@beat
47 error Valid install targets:
47 error 2.0.0, 2.0.0-beta.37, 2.0.0-beta.36, 2.0.0-beta.35, 2.0.0-beta.34, 2.0.0-beta.33, 2.0.0-beta.32, 2.0.0-beta.31, 2.0.0-beta.30, 2.0.0-beta.29, 2.0.0-beta.28, 2.0.0-beta.27, 2.0.0-beta.26, 2.0.0-beta.25, 2.0.0-beta.24, 2.0.0-beta.23, 2.0.0-beta.22, 2.0.0-beta.21, 2.0.0-beta.20, 2.0.0-beta.19, 2.0.0-beta.18, 2.0.0-beta.17, 2.0.0-beta.16, 2.0.0-beta.15, 2.0.0-beta.14, 2.0.0-beta.13, 2.0.0-beta.12, 2.0.0-beta.11, 2.0.0-beta.10, 2.0.0-beta.9, 2.0.0-beta.8, 2.0.0-beta.7, 2.0.0-beta.6, 2.0.0-beta.5, 2.0.0-beta.4, 2.0.0-beta.3, 2.0.0-beta.2, 2.0.0-beta.1, 2.0.0-alpha.25, 2.0.0-alpha.24, 2.0.0-alpha.23, 2.0.0-alpha.22, 2.0.0-alpha.21, 2.0.0-alpha.20, 2.0.0-alpha.19, 2.0.0-alpha.18, 2.0.0-alpha.17, 2.0.0-alpha.16, 2.0.0-alpha.15, 2.0.0-alpha.14, 2.0.0-alpha.13, 2.0.0-alpha.12, 2.0.0-alpha.11, 2.0.0-alpha.10, 2.0.0-alpha.9, 2.0.0-alpha.8, 2.0.0-alpha.7, 2.0.0-alpha.6, 2.0.0-alpha.5, 2.0.0-alpha.4, 2.0.0-alpha.3, 2.0.0-alpha.1, 1.7.16, 1.7.15, 1.7.15-beta.3, 1.7.15-beta.2, 1.7.15-beta.1, 1.7.15-beta.0, 1.7.14, 1.7.13, 1.7.12, 1.7.11, 1.7.10, 1.7.9, 1.7.8, 1.7.8-beta.3, 1.7.8-beta.2, 1.7.8-beta.1, 1.7.8-beta.0, 1.7.7, 1.7.7-beta.0, 1.7.6, 1.7.5, 1.7.4, 1.7.3, 1.7.2, 1.7.1, 1.7.0, 1.7.0-beta.6, 1.7.0-beta.5, 1.7.0-beta.4, 1.7.0-beta.3, 1.7.0-beta.2, 1.7.0-beta.1, 1.7.0-beta.0, 1.6.5, 1.6.5-testing.3, 1.6.5-testing.2, 1.6.5-testing.1, 1.6.5-testing.0, 1.6.4, 1.6.4-beta.1, 1.6.4-beta.0, 1.6.3, 1.6.3-beta.1, 1.6.3-beta.0, 1.6.2, 1.6.2-beta.2, 1.6.2-beta.1, 1.6.2-beta.0, 1.6.1, 1.6.0, 1.6.0-beta.1, 1.5.5, 1.5.4, 1.5.3, 1.5.2, 1.5.1, 1.5.1-beta.4, 1.5.1-beta.3, 1.5.1-beta.2, 1.5.1-beta.1, 1.5.1-beta.0, 1.5.0, 1.5.0-beta.1, 1.5.0-beta.0, 1.4.8, 1.4.7, 1.4.6, 1.4.6-beta.0, 1.4.5, 1.4.5-beta.3, 1.4.5-beta.2, 1.4.5-beta.1, 1.4.5-beta.0, 1.4.4, 1.4.4-beta.2, 1.4.4-beta.0, 1.4.3, 1.4.2, 1.4.1, 1.4.1-beta.0, 1.4.0, 1.4.0-beta.18, 1.4.0-beta.17, 1.4.0-beta.16, 1.4.0-beta.15, 1.4.0-beta.14, 1.4.0-beta.13, 1.4.0-beta.12, 1.4.0-beta.11, 1.4.0-beta.10, 1.4.0-beta.9, 1.4.0-beta.8, 1.4.0-beta.7, 1.4.0-beta.6, 1.4.0-beta.5, 1.4.0-beta.3, 1.4.0-beta.2, 1.4.0-beta.1, 1.4.0-alpha.6, 1.4.0-alpha.5, 1.4.0-alpha.4, 1.4.0-alpha.3, 1.4.0-alpha.2, 1.4.0-alpha.1, 1.3.22, 1.3.21, 1.3.21-beta.1, 1.3.21-beta.0, 1.3.20, 1.3.19, 1.3.19-beta.4, 1.3.19-beta.3, 1.3.19-beta.2, 1.3.19-beta.1, 1.3.19-beta.0, 1.3.18, 1.3.18-beta.3, 1.3.18-beta.2, 1.3.18-beta.1, 1.3.18-beta.0, 1.3.17, 1.3.17-beta.3, 1.3.17-beta.2, 1.3.17-beta.1, 1.3.17-beta.0, 1.3.16, 1.3.15, 1.3.15-beta.4, 1.3.15-beta.3, 1.3.15-beta.2, 1.3.15-beta.1, 1.3.15-beta.0, 1.3.14, 1.3.14-beta.1, 1.3.14-beta, 1.3.13, 1.3.13-beta.0, 1.3.12, 1.3.12-beta.2, 1.3.12-beta.1, 1.3.11, 1.3.10, 1.3.9, 1.3.8, 1.3.7, 1.3.6, 1.3.5, 1.3.4, 1.3.3, 1.3.2, 1.3.1, 1.3.1-7.beta.4, 1.3.1-3.beta.4, 1.3.1-3.beta.2, 1.3.1-3.beta.1, 1.3.1-1.alpha.0, 1.3.0, 1.3.0-beta1, 1.2.14, 1.2.14-beta6, 1.2.14-beta5, 1.2.14-beta4, 1.2.14-beta3, 1.2.14-beta2, 1.2.14-beta1, 1.2.13, 1.2.12, 1.2.11, 1.2.10, 1.2.9, 1.2.8, 1.2.8-beta2, 1.2.8-beta1, 1.2.7, 1.2.6, 1.2.6-beta3, 1.2.6-beta2, 1.2.6-beta1, 1.2.5, 1.2.5-beta3, 1.2.5-beta2, 1.2.5-beta1, 1.2.4, 1.2.4-beta3, 1.2.4-beta2, 1.2.4-beta1, 1.2.3, 1.2.3-beta3, 1.2.3-beta2, 1.2.3-beta1, 1.2.2, 1.2.1, 1.2.1-beta4, 1.2.1-beta3, 1.2.1-beta2, 1.2.1-beta1, 1.2.0, 1.2.0-beta1, 1.1.14-beta3, 1.1.14-beta2, 1.1.14-beta1, 1.1.13, 1.1.12, 1.1.12-beta3, 1.1.12-beta2, 1.1.12-beta1, 1.1.11, 1.1.11-beta2, 1.1.11-beta1, 1.1.10, 1.1.9, 1.1.9-beta1, 1.1.8, 1.1.8-beta5, 1.1.8-beta4, 1.1.8-beta3, 1.1.8-beta2, 1.1.8-beta1, 1.1.7, 1.1.7-beta1, 1.1.6, 1.1.5, 1.1.5-beta5, 1.1.5-beta4, 1.1.5-beta3, 1.1.5-beta2, 1.1.5-beta1, 1.1.4, 1.1.3, 1.1.1, 1.1.1-beta3, 1.1.1-beta2, 1.1.1-beta1, 1.1.0, 1.1.0-beta6, 1.1.0-beta5, 1.1.0-beta4, 1.1.0-beta3, 1.1.0-beta2, 1.1.0-beta1, 1.0.17, 1.0.16, 1.0.15, 1.0.14, 1.0.13, 1.0.12, 1.0.11, 1.0.10, 1.0.9, 1.0.8, 1.0.7, 1.0.6, 1.0.5, 1.0.4, 1.0.3-beta, 1.0.1-beta, 1.0.0-beta.1, 1.0.0-beta, 0.9.16, 0.9.15, 0.9.14, 0.9.13, 0.9.12, 0.9.11, 0.9.10, 0.9.9, 0.9.8, 0.9.6
48 error If you need help, you may report this error at:
48 error     <https://github.com/npm/npm/issues>
49 verbose exit [ 1, true ]
